<?xml version="1.0" encoding="UTF-8"?>
<coverage generated="1785630141">
  <project timestamp="1785630141" name="Clover Coverage">
    <package name="App\Casts">
      <file name="C:\Users\felip\Documents\Projects\social-sports-api\app\Casts\StorageUrl.php">
        <class name="App\Casts\StorageUrl" namespace="App\Casts">
          <metrics complexity="7" methods="3" coveredmethods="3" conditionals="0" coveredconditionals="0" statements="8" coveredstatements="8" elements="11" coveredelements="11"/>
        </class>
        <line num="30" type="method" name="__construct" visibility="public" complexity="1" crap="1" count="17"/>
        <line num="33" type="stmt" count="17"/>
        <line num="41" type="method" name="get" visibility="public" complexity="5" crap="5" count="11"/>
        <line num="43" type="stmt" count="11"/>
        <line num="44" type="stmt" count="1"/>
        <line num="48" type="stmt" count="10"/>
        <line num="50" type="stmt" count="10"/>
        <line num="51" type="stmt" count="1"/>
        <line num="54" type="stmt" count="9"/>
        <line num="62" type="method" name="set" visibility="public" complexity="1" crap="1" count="12"/>
        <line num="64" type="stmt" count="12"/>
        <metrics loc="67" ncloc="42" classes="1" methods="3" coveredmethods="3" conditionals="0" coveredconditionals="0" statements="8" coveredstatements="8" elements="11" coveredelements="11"/>
      </file>
    </package>
    <package name="App\DTOs\Authentication">
      <file name="C:\Users\felip\Documents\Projects\social-sports-api\app\DTOs\Authentication\EmailVerify.php">
        <class name="App\DTOs\Authentication\EmailVerify" namespace="App\DTOs\Authentication">
          <metrics complexity="2" methods="2" coveredmethods="2" conditionals="0" coveredconditionals="0" statements="5" coveredstatements="5" elements="7" coveredelements="7"/>
        </class>
        <line num="14" type="method" name="__construct" visibility="public" complexity="1" crap="1" count="7"/>
        <line num="19" type="stmt" count="7"/>
        <line num="27" type="method" name="fromRequest" visibility="public" complexity="1" crap="1" count="2"/>
        <line num="29" type="stmt" count="2"/>
        <line num="30" type="stmt" count="2"/>
        <line num="31" type="stmt" count="2"/>
        <line num="32" type="stmt" count="2"/>
        <metrics loc="35" ncloc="21" classes="1" methods="2" coveredmethods="2" conditionals="0" coveredconditionals="0" statements="5" coveredstatements="5" elements="7" coveredelements="7"/>
      </file>
      <file name="C:\Users\felip\Documents\Projects\social-sports-api\app\DTOs\Authentication\ForgotPassword.php">
        <class name="App\DTOs\Authentication\ForgotPassword" namespace="App\DTOs\Authentication">
          <metrics complexity="2" methods="2" coveredmethods="2" conditionals="0" coveredconditionals="0" statements="4" coveredstatements="4" elements="6" coveredelements="6"/>
        </class>
        <line num="13" type="method" name="__construct" visibility="public" complexity="1" crap="1" count="9"/>
        <line num="17" type="stmt" count="9"/>
        <line num="25" type="method" name="fromRequest" visibility="public" complexity="1" crap="1" count="5"/>
        <line num="27" type="stmt" count="5"/>
        <line num="28" type="stmt" count="5"/>
        <line num="29" type="stmt" count="5"/>
        <metrics loc="32" ncloc="19" classes="1" methods="2" coveredmethods="2" conditionals="0" coveredconditionals="0" statements="4" coveredstatements="4" elements="6" coveredelements="6"/>
      </file>
      <file name="C:\Users\felip\Documents\Projects\social-sports-api\app\DTOs\Authentication\LoginAttempt.php">
        <class name="App\DTOs\Authentication\LoginAttempt" namespace="App\DTOs\Authentication">
          <metrics complexity="2" methods="2" coveredmethods="2" conditionals="0" coveredconditionals="0" statements="5" coveredstatements="5" elements="7" coveredelements="7"/>
        </class>
        <line num="14" type="method" name="__construct" visibility="public" complexity="1" crap="1" count="13"/>
        <line num="19" type="stmt" count="13"/>
        <line num="27" type="method" name="fromRequest" visibility="public" complexity="1" crap="1" count="12"/>
        <line num="29" type="stmt" count="12"/>
        <line num="30" type="stmt" count="12"/>
        <line num="31" type="stmt" count="12"/>
        <line num="32" type="stmt" count="12"/>
        <metrics loc="35" ncloc="21" classes="1" methods="2" coveredmethods="2" conditionals="0" coveredconditionals="0" statements="5" coveredstatements="5" elements="7" coveredelements="7"/>
      </file>
      <file name="C:\Users\felip\Documents\Projects\social-sports-api\app\DTOs\Authentication\LoginResult.php">
        <class name="App\DTOs\Authentication\LoginResult" namespace="App\DTOs\Authentication">
          <metrics complexity="1" methods="1" coveredmethods="1" conditionals="0" coveredconditionals="0" statements="1" coveredstatements="1" elements="2" coveredelements="2"/>
        </class>
        <line num="12" type="method" name="__construct" visibility="public" complexity="1" crap="1" count="6"/>
        <line num="17" type="stmt" count="6"/>
        <metrics loc="19" ncloc="13" classes="1" methods="1" coveredmethods="1" conditionals="0" coveredconditionals="0" statements="1" coveredstatements="1" elements="2" coveredelements="2"/>
      </file>
      <file name="C:\Users\felip\Documents\Projects\social-sports-api\app\DTOs\Authentication\RegisterResult.php">
        <class name="App\DTOs\Authentication\RegisterResult" namespace="App\DTOs\Authentication">
          <metrics complexity="1" methods="1" coveredmethods="1" conditionals="0" coveredconditionals="0" statements="1" coveredstatements="1" elements="2" coveredelements="2"/>
        </class>
        <line num="12" type="method" name="__construct" visibility="public" complexity="1" crap="1" count="3"/>
        <line num="17" type="stmt" count="3"/>
        <metrics loc="19" ncloc="13" classes="1" methods="1" coveredmethods="1" conditionals="0" coveredconditionals="0" statements="1" coveredstatements="1" elements="2" coveredelements="2"/>
      </file>
      <file name="C:\Users\felip\Documents\Projects\social-sports-api\app\DTOs\Authentication\RegisterUser.php">
        <class name="App\DTOs\Authentication\RegisterUser" namespace="App\DTOs\Authentication">
          <metrics complexity="2" methods="2" coveredmethods="2" conditionals="0" coveredconditionals="0" statements="6" coveredstatements="6" elements="8" coveredelements="8"/>
        </class>
        <line num="15" type="method" name="__construct" visibility="public" complexity="1" crap="1" count="5"/>
        <line num="21" type="stmt" count="5"/>
        <line num="29" type="method" name="fromRequest" visibility="public" complexity="1" crap="1" count="4"/>
        <line num="31" type="stmt" count="4"/>
        <line num="32" type="stmt" count="4"/>
        <line num="33" type="stmt" count="4"/>
        <line num="34" type="stmt" count="4"/>
        <line num="35" type="stmt" count="4"/>
        <metrics loc="38" ncloc="23" classes="1" methods="2" coveredmethods="2" conditionals="0" coveredconditionals="0" statements="6" coveredstatements="6" elements="8" coveredelements="8"/>
      </file>
      <file name="C:\Users\felip\Documents\Projects\social-sports-api\app\DTOs\Authentication\ResetPassword.php">
        <class name="App\DTOs\Authentication\ResetPassword" namespace="App\DTOs\Authentication">
          <metrics complexity="2" methods="2" coveredmethods="2" conditionals="0" coveredconditionals="0" statements="6" coveredstatements="6" elements="8" coveredelements="8"/>
        </class>
        <line num="15" type="method" name="__construct" visibility="public" complexity="1" crap="1" count="8"/>
        <line num="21" type="stmt" count="8"/>
        <line num="29" type="method" name="fromRequest" visibility="public" complexity="1" crap="1" count="5"/>
        <line num="31" type="stmt" count="5"/>
        <line num="32" type="stmt" count="5"/>
        <line num="33" type="stmt" count="5"/>
        <line num="34" type="stmt" count="5"/>
        <line num="35" type="stmt" count="5"/>
        <metrics loc="38" ncloc="23" classes="1" methods="2" coveredmethods="2" conditionals="0" coveredconditionals="0" statements="6" coveredstatements="6" elements="8" coveredelements="8"/>
      </file>
    </package>
    <package name="App\DTOs">
      <file name="C:\Users\felip\Documents\Projects\social-sports-api\app\DTOs\ProfileUpdate.php">
        <class name="App\DTOs\ProfileUpdate" namespace="App\DTOs">
          <metrics complexity="3" methods="2" coveredmethods="2" conditionals="0" coveredconditionals="0" statements="9" coveredstatements="9" elements="11" coveredelements="11"/>
        </class>
        <line num="19" type="method" name="__construct" visibility="public" complexity="1" crap="1" count="10"/>
        <line num="27" type="stmt" count="10"/>
        <line num="36" type="method" name="fromRequest" visibility="public" complexity="2" crap="2" count="6"/>
        <line num="38" type="stmt" count="6"/>
        <line num="40" type="stmt" count="6"/>
        <line num="41" type="stmt" count="6"/>
        <line num="42" type="stmt" count="6"/>
        <line num="43" type="stmt" count="6"/>
        <line num="44" type="stmt" count="6"/>
        <line num="45" type="stmt" count="6"/>
        <line num="46" type="stmt" count="6"/>
        <metrics loc="49" ncloc="31" classes="1" methods="2" coveredmethods="2" conditionals="0" coveredconditionals="0" statements="9" coveredstatements="9" elements="11" coveredelements="11"/>
      </file>
    </package>
    <package name="App\Enums">
      <file name="C:\Users\felip\Documents\Projects\social-sports-api\app\Enums\GameSessionStatusEnum.php">
        <class name="App\Enums\GameSessionStatusEnum" namespace="App\Enums">
          <metrics complexity="5" methods="1" coveredmethods="0" conditionals="0" coveredconditionals="0" statements="6" coveredstatements="0" elements="7" coveredelements="0"/>
        </class>
        <line num="17" type="method" name="label" visibility="public" complexity="5" crap="30" count="0"/>
        <line num="19" type="stmt" count="0"/>
        <line num="20" type="stmt" count="0"/>
        <line num="21" type="stmt" count="0"/>
        <line num="22" type="stmt" count="0"/>
        <line num="23" type="stmt" count="0"/>
        <line num="24" type="stmt" count="0"/>
        <metrics loc="27" ncloc="24" classes="1" methods="1" coveredmethods="0" conditionals="0" coveredconditionals="0" statements="6" coveredstatements="0" elements="7" coveredelements="0"/>
      </file>
      <file name="C:\Users\felip\Documents\Projects\social-sports-api\app\Enums\MediaTypeEnum.php">
        <class name="App\Enums\MediaTypeEnum" namespace="App\Enums">
          <metrics complexity="5" methods="1" coveredmethods="0" conditionals="0" coveredconditionals="0" statements="6" coveredstatements="0" elements="7" coveredelements="0"/>
        </class>
        <line num="17" type="method" name="label" visibility="public" complexity="5" crap="30" count="0"/>
        <line num="19" type="stmt" count="0"/>
        <line num="20" type="stmt" count="0"/>
        <line num="21" type="stmt" count="0"/>
        <line num="22" type="stmt" count="0"/>
        <line num="23" type="stmt" count="0"/>
        <line num="24" type="stmt" count="0"/>
        <metrics loc="27" ncloc="24" classes="1" methods="1" coveredmethods="0" conditionals="0" coveredconditionals="0" statements="6" coveredstatements="0" elements="7" coveredelements="0"/>
      </file>
    </package>
    <package name="App\Events\Authentication">
      <file name="C:\Users\felip\Documents\Projects\social-sports-api\app\Events\Authentication\LoginSuccessful.php">
        <class name="App\Events\Authentication\LoginSuccessful" namespace="App\Events\Authentication">
          <metrics complexity="1" methods="1" coveredmethods="1" conditionals="0" coveredconditionals="0" statements="1" coveredstatements="1" elements="2" coveredelements="2"/>
        </class>
        <line num="20" type="method" name="__construct" visibility="public" complexity="1" crap="1" count="7"/>
        <line num="24" type="stmt" count="7"/>
        <metrics loc="26" ncloc="19" classes="1" methods="1" coveredmethods="1" conditionals="0" coveredconditionals="0" statements="1" coveredstatements="1" elements="2" coveredelements="2"/>
      </file>
    </package>
    <package name="App\Filters">
      <file name="C:\Users\felip\Documents\Projects\social-sports-api\app\Filters\FilterCriteria.php">
        <class name="App\Filters\FilterCriteria" namespace="App\Filters">
          <metrics complexity="8" methods="2" coveredmethods="2" conditionals="0" coveredconditionals="0" statements="9" coveredstatements="9" elements="11" coveredelements="11"/>
        </class>
        <line num="29" type="method" name="__construct" visibility="public" complexity="1" crap="1" count="10"/>
        <line num="34" type="stmt" count="10"/>
        <line num="39" type="method" name="apply" visibility="public" complexity="7" crap="7" count="10"/>
        <line num="41" type="stmt" count="10"/>
        <line num="42" type="stmt" count="9"/>
        <line num="43" type="stmt" count="9"/>
        <line num="44" type="stmt" count="2"/>
        <line num="45" type="stmt" count="7"/>
        <line num="46" type="stmt" count="1"/>
        <line num="48" type="stmt" count="6"/>
        <line num="53" type="stmt" count="10"/>
        <metrics loc="56" ncloc="41" classes="1" methods="2" coveredmethods="2" conditionals="0" coveredconditionals="0" statements="9" coveredstatements="9" elements="11" coveredelements="11"/>
      </file>
      <file name="C:\Users\felip\Documents\Projects\social-sports-api\app\Filters\LimitCriteria.php">
        <class name="App\Filters\LimitCriteria" namespace="App\Filters">
          <metrics complexity="3" methods="2" coveredmethods="2" conditionals="0" coveredconditionals="0" statements="4" coveredstatements="4" elements="6" coveredelements="6"/>
        </class>
        <line num="23" type="method" name="__construct" visibility="public" complexity="1" crap="1" count="3"/>
        <line num="27" type="stmt" count="3"/>
        <line num="32" type="method" name="apply" visibility="public" complexity="2" crap="2" count="3"/>
        <line num="34" type="stmt" count="3"/>
        <line num="35" type="stmt" count="2"/>
        <line num="38" type="stmt" count="3"/>
        <metrics loc="41" ncloc="27" classes="1" methods="2" coveredmethods="2" conditionals="0" coveredconditionals="0" statements="4" coveredstatements="4" elements="6" coveredelements="6"/>
      </file>
      <file name="C:\Users\felip\Documents\Projects\social-sports-api\app\Filters\SortCriteria.php">
        <class name="App\Filters\SortCriteria" namespace="App\Filters">
          <metrics complexity="6" methods="4" coveredmethods="4" conditionals="0" coveredconditionals="0" statements="7" coveredstatements="7" elements="11" coveredelements="11"/>
        </class>
        <line num="27" type="method" name="__construct" visibility="public" complexity="1" crap="1" count="8"/>
        <line num="33" type="stmt" count="8"/>
        <line num="38" type="method" name="apply" visibility="public" complexity="3" crap="3" count="6"/>
        <line num="40" type="stmt" count="6"/>
        <line num="41" type="stmt" count="4"/>
        <line num="43" type="stmt" count="4"/>
        <line num="46" type="stmt" count="6"/>
        <line num="54" type="method" name="getSortBy" visibility="public" complexity="1" crap="1" count="1"/>
        <line num="56" type="stmt" count="1"/>
        <line num="64" type="method" name="getSortOrder" visibility="public" complexity="1" crap="1" count="1"/>
        <line num="66" type="stmt" count="1"/>
        <metrics loc="69" ncloc="43" classes="1" methods="4" coveredmethods="4" conditionals="0" coveredconditionals="0" statements="7" coveredstatements="7" elements="11" coveredelements="11"/>
      </file>
      <file name="C:\Users\felip\Documents\Projects\social-sports-api\app\Filters\WhereCriteria.php">
        <class name="App\Filters\WhereCriteria" namespace="App\Filters">
          <metrics complexity="2" methods="2" coveredmethods="2" conditionals="0" coveredconditionals="0" statements="2" coveredstatements="2" elements="4" coveredelements="4"/>
        </class>
        <line num="24" type="method" name="__construct" visibility="public" complexity="1" crap="1" count="2"/>
        <line num="30" type="stmt" count="2"/>
        <line num="35" type="method" name="apply" visibility="public" complexity="1" crap="1" count="2"/>
        <line num="37" type="stmt" count="2"/>
        <metrics loc="40" ncloc="25" classes="1" methods="2" coveredmethods="2" conditionals="0" coveredconditionals="0" statements="2" coveredstatements="2" elements="4" coveredelements="4"/>
      </file>
      <file name="C:\Users\felip\Documents\Projects\social-sports-api\app\Filters\WhereDateCriteria.php">
        <class name="App\Filters\WhereDateCriteria" namespace="App\Filters">
          <metrics complexity="2" methods="2" coveredmethods="2" conditionals="0" coveredconditionals="0" statements="2" coveredstatements="2" elements="4" coveredelements="4"/>
        </class>
        <line num="25" type="method" name="__construct" visibility="public" complexity="1" crap="1" count="2"/>
        <line num="31" type="stmt" count="2"/>
        <line num="36" type="method" name="apply" visibility="public" complexity="1" crap="1" count="2"/>
        <line num="38" type="stmt" count="2"/>
        <metrics loc="41" ncloc="26" classes="1" methods="2" coveredmethods="2" conditionals="0" coveredconditionals="0" statements="2" coveredstatements="2" elements="4" coveredelements="4"/>
      </file>
      <file name="C:\Users\felip\Documents\Projects\social-sports-api\app\Filters\WhereHasCriteria.php">
        <class name="App\Filters\WhereHasCriteria" namespace="App\Filters">
          <metrics complexity="2" methods="2" coveredmethods="2" conditionals="0" coveredconditionals="0" statements="2" coveredstatements="2" elements="4" coveredelements="4"/>
        </class>
        <line num="25" type="method" name="__construct" visibility="public" complexity="1" crap="1" count="2"/>
        <line num="30" type="stmt" count="2"/>
        <line num="35" type="method" name="apply" visibility="public" complexity="1" crap="1" count="2"/>
        <line num="37" type="stmt" count="2"/>
        <metrics loc="40" ncloc="25" classes="1" methods="2" coveredmethods="2" conditionals="0" coveredconditionals="0" statements="2" coveredstatements="2" elements="4" coveredelements="4"/>
      </file>
      <file name="C:\Users\felip\Documents\Projects\social-sports-api\app\Filters\WhereInCriteria.php">
        <class name="App\Filters\WhereInCriteria" namespace="App\Filters">
          <metrics complexity="2" methods="2" coveredmethods="2" conditionals="0" coveredconditionals="0" statements="2" coveredstatements="2" elements="4" coveredelements="4"/>
        </class>
        <line num="24" type="method" name="__construct" visibility="public" complexity="1" crap="1" count="2"/>
        <line num="30" type="stmt" count="2"/>
        <line num="35" type="method" name="apply" visibility="public" complexity="1" crap="1" count="2"/>
        <line num="37" type="stmt" count="2"/>
        <metrics loc="40" ncloc="25" classes="1" methods="2" coveredmethods="2" conditionals="0" coveredconditionals="0" statements="2" coveredstatements="2" elements="4" coveredelements="4"/>
      </file>
      <file name="C:\Users\felip\Documents\Projects\social-sports-api\app\Filters\WhereNullCriteria.php">
        <class name="App\Filters\WhereNullCriteria" namespace="App\Filters">
          <metrics complexity="2" methods="2" coveredmethods="2" conditionals="0" coveredconditionals="0" statements="2" coveredstatements="2" elements="4" coveredelements="4"/>
        </class>
        <line num="23" type="method" name="__construct" visibility="public" complexity="1" crap="1" count="1"/>
        <line num="27" type="stmt" count="1"/>
        <line num="32" type="method" name="apply" visibility="public" complexity="1" crap="1" count="1"/>
        <line num="34" type="stmt" count="1"/>
        <metrics loc="37" ncloc="24" classes="1" methods="2" coveredmethods="2" conditionals="0" coveredconditionals="0" statements="2" coveredstatements="2" elements="4" coveredelements="4"/>
      </file>
    </package>
    <package name="App\Filters\Venue">
      <file name="C:\Users\felip\Documents\Projects\social-sports-api\app\Filters\Venue\CalculateDistanceFilter.php">
        <class name="App\Filters\Venue\CalculateDistanceFilter" namespace="App\Filters\Venue">
          <metrics complexity="2" methods="2" coveredmethods="2" conditionals="0" coveredconditionals="0" statements="2" coveredstatements="2" elements="4" coveredelements="4"/>
        </class>
        <line num="21" type="method" name="__construct" visibility="public" complexity="1" crap="1" count="3"/>
        <line num="26" type="stmt" count="3"/>
        <line num="31" type="method" name="apply" visibility="public" complexity="1" crap="1" count="2"/>
        <line num="33" type="stmt" count="2"/>
        <metrics loc="36" ncloc="22" classes="1" methods="2" coveredmethods="2" conditionals="0" coveredconditionals="0" statements="2" coveredstatements="2" elements="4" coveredelements="4"/>
      </file>
      <file name="C:\Users\felip\Documents\Projects\social-sports-api\app\Filters\Venue\VenueSearchFilter.php">
        <class name="App\Filters\Venue\VenueSearchFilter" namespace="App\Filters\Venue">
          <metrics complexity="8" methods="2" coveredmethods="2" conditionals="0" coveredconditionals="0" statements="36" coveredstatements="36" elements="38" coveredelements="38"/>
        </class>
        <line num="19" type="method" name="__construct" visibility="public" complexity="1" crap="1" count="15"/>
        <line num="23" type="stmt" count="15"/>
        <line num="28" type="method" name="apply" visibility="public" complexity="7" crap="7" count="13"/>
        <line num="30" type="stmt" count="13"/>
        <line num="31" type="stmt" count="3"/>
        <line num="33" type="stmt" count="3"/>
        <line num="34" type="stmt" count="3"/>
        <line num="35" type="stmt" count="3"/>
        <line num="36" type="stmt" count="3"/>
        <line num="37" type="stmt" count="3"/>
        <line num="38" type="stmt" count="3"/>
        <line num="41" type="stmt" count="13"/>
        <line num="42" type="stmt" count="3"/>
        <line num="44" type="stmt" count="3"/>
        <line num="45" type="stmt" count="3"/>
        <line num="46" type="stmt" count="3"/>
        <line num="49" type="stmt" count="13"/>
        <line num="50" type="stmt" count="4"/>
        <line num="51" type="stmt" count="4"/>
        <line num="52" type="stmt" count="4"/>
        <line num="54" type="stmt" count="4"/>
        <line num="55" type="stmt" count="4"/>
        <line num="56" type="stmt" count="4"/>
        <line num="57" type="stmt" count="4"/>
        <line num="58" type="stmt" count="4"/>
        <line num="60" type="stmt" count="4"/>
        <line num="63" type="stmt" count="9"/>
        <line num="64" type="stmt" count="2"/>
        <line num="66" type="stmt" count="2"/>
        <line num="68" type="stmt" count="2"/>
        <line num="69" type="stmt" count="1"/>
        <line num="71" type="stmt" count="1"/>
        <line num="74" type="stmt" count="2"/>
        <line num="75" type="stmt" count="2"/>
        <line num="76" type="stmt" count="2"/>
        <line num="79" type="stmt" count="7"/>
        <line num="80" type="stmt" count="7"/>
        <line num="81" type="stmt" count="7"/>
        <metrics loc="84" ncloc="72" classes="1" methods="2" coveredmethods="2" conditionals="0" coveredconditionals="0" statements="36" coveredstatements="36" elements="38" coveredelements="38"/>
      </file>
    </package>
    <package name="App\Http\Controllers\Authentication">
      <file name="C:\Users\felip\Documents\Projects\social-sports-api\app\Http\Controllers\Authentication\ForgotPasswordController.php">
        <class name="App\Http\Controllers\Authentication\ForgotPasswordController" namespace="App\Http\Controllers\Authentication">
          <metrics complexity="2" methods="2" coveredmethods="2" conditionals="0" coveredconditionals="0" statements="7" coveredstatements="7" elements="9" coveredelements="9"/>
        </class>
        <line num="26" type="method" name="__construct" visibility="public" complexity="1" crap="1" count="6"/>
        <line num="31" type="stmt" count="6"/>
        <line num="41" type="method" name="__invoke" visibility="public" complexity="1" crap="1" count="3"/>
        <line num="52" type="stmt" count="3"/>
        <line num="54" type="stmt" count="3"/>
        <line num="56" type="stmt" count="3"/>
        <line num="58" type="stmt" count="2"/>
        <line num="59" type="stmt" count="2"/>
        <line num="60" type="stmt" count="2"/>
        <metrics loc="63" ncloc="46" classes="1" methods="2" coveredmethods="2" conditionals="0" coveredconditionals="0" statements="7" coveredstatements="7" elements="9" coveredelements="9"/>
      </file>
      <file name="C:\Users\felip\Documents\Projects\social-sports-api\app\Http\Controllers\Authentication\LoginController.php">
        <class name="App\Http\Controllers\Authentication\LoginController" namespace="App\Http\Controllers\Authentication">
          <metrics complexity="2" methods="2" coveredmethods="2" conditionals="0" coveredconditionals="0" statements="8" coveredstatements="8" elements="10" coveredelements="10"/>
        </class>
        <line num="25" type="method" name="__construct" visibility="public" complexity="1" crap="1" count="6"/>
        <line num="30" type="stmt" count="6"/>
        <line num="40" type="method" name="__invoke" visibility="public" complexity="1" crap="1" count="5"/>
        <line num="57" type="stmt" count="5"/>
        <line num="59" type="stmt" count="5"/>
        <line num="61" type="stmt" count="5"/>
        <line num="63" type="stmt" count="4"/>
        <line num="64" type="stmt" count="4"/>
        <line num="65" type="stmt" count="4"/>
        <line num="66" type="stmt" count="4"/>
        <metrics loc="69" ncloc="54" classes="1" methods="2" coveredmethods="2" conditionals="0" coveredconditionals="0" statements="8" coveredstatements="8" elements="10" coveredelements="10"/>
      </file>
      <file name="C:\Users\felip\Documents\Projects\social-sports-api\app\Http\Controllers\Authentication\RegisterController.php">
        <class name="App\Http\Controllers\Authentication\RegisterController" namespace="App\Http\Controllers\Authentication">
          <metrics complexity="2" methods="2" coveredmethods="2" conditionals="0" coveredconditionals="0" statements="10" coveredstatements="10" elements="12" coveredelements="12"/>
        </class>
        <line num="26" type="method" name="__construct" visibility="public" complexity="1" crap="1" count="16"/>
        <line num="31" type="stmt" count="16"/>
        <line num="41" type="method" name="__invoke" visibility="public" complexity="1" crap="1" count="1"/>
        <line num="58" type="stmt" count="1"/>
        <line num="60" type="stmt" count="1"/>
        <line num="62" type="stmt" count="1"/>
        <line num="64" type="stmt" count="1"/>
        <line num="65" type="stmt" count="1"/>
        <line num="66" type="stmt" count="1"/>
        <line num="67" type="stmt" count="1"/>
        <line num="68" type="stmt" count="1"/>
        <line num="69" type="stmt" count="1"/>
        <metrics loc="72" ncloc="57" classes="1" methods="2" coveredmethods="2" conditionals="0" coveredconditionals="0" statements="10" coveredstatements="10" elements="12" coveredelements="12"/>
      </file>
      <file name="C:\Users\felip\Documents\Projects\social-sports-api\app\Http\Controllers\Authentication\ResetPasswordController.php">
        <class name="App\Http\Controllers\Authentication\ResetPasswordController" namespace="App\Http\Controllers\Authentication">
          <metrics complexity="2" methods="2" coveredmethods="2" conditionals="0" coveredconditionals="0" statements="7" coveredstatements="7" elements="9" coveredelements="9"/>
        </class>
        <line num="31" type="method" name="__construct" visibility="public" complexity="1" crap="1" count="8"/>
        <line num="36" type="stmt" count="8"/>
        <line num="49" type="method" name="__invoke" visibility="public" complexity="1" crap="1" count="3"/>
        <line num="60" type="stmt" count="3"/>
        <line num="62" type="stmt" count="3"/>
        <line num="64" type="stmt" count="3"/>
        <line num="66" type="stmt" count="1"/>
        <line num="67" type="stmt" count="1"/>
        <line num="68" type="stmt" count="1"/>
        <metrics loc="71" ncloc="51" classes="1" methods="2" coveredmethods="2" conditionals="0" coveredconditionals="0" statements="7" coveredstatements="7" elements="9" coveredelements="9"/>
      </file>
      <file name="C:\Users\felip\Documents\Projects\social-sports-api\app\Http\Controllers\Authentication\VerificationController.php">
        <class name="App\Http\Controllers\Authentication\VerificationController" namespace="App\Http\Controllers\Authentication">
          <metrics complexity="3" methods="3" coveredmethods="0" conditionals="0" coveredconditionals="0" statements="9" coveredstatements="0" elements="12" coveredelements="0"/>
        </class>
        <line num="39" type="method" name="__construct" visibility="public" complexity="1" crap="2" count="0"/>
        <line num="44" type="stmt" count="0"/>
        <line num="52" type="method" name="resend" visibility="public" complexity="1" crap="2" count="0"/>
        <line num="67" type="stmt" count="0"/>
        <line num="69" type="stmt" count="0"/>
        <line num="70" type="stmt" count="0"/>
        <line num="71" type="stmt" count="0"/>
        <line num="80" type="method" name="verify" visibility="public" complexity="1" crap="2" count="0"/>
        <line num="87" type="stmt" count="0"/>
        <line num="89" type="stmt" count="0"/>
        <line num="91" type="stmt" count="0"/>
        <line num="93" type="stmt" count="0"/>
        <metrics loc="96" ncloc="70" classes="1" methods="3" coveredmethods="0" conditionals="0" coveredconditionals="0" statements="9" coveredstatements="0" elements="12" coveredelements="0"/>
      </file>
    </package>
    <package name="App\Http\Controllers">
      <file name="C:\Users\felip\Documents\Projects\social-sports-api\app\Http\Controllers\Controller.php">
        <class name="App\Http\Controllers\Controller" namespace="App\Http\Controllers">
          <metrics complexity="0" methods="0" coveredmethods="0" conditionals="0" coveredconditionals="0" statements="0" coveredstatements="0" elements="0" coveredelements="0"/>
        </class>
        <metrics loc="9" ncloc="8" classes="0" methods="0" coveredmethods="0" conditionals="0" coveredconditionals="0" statements="0" coveredstatements="0" elements="0" coveredelements="0"/>
      </file>
      <file name="C:\Users\felip\Documents\Projects\social-sports-api\app\Http\Controllers\MeController.php">
        <class name="App\Http\Controllers\MeController" namespace="App\Http\Controllers">
          <metrics complexity="2" methods="2" coveredmethods="2" conditionals="0" coveredconditionals="0" statements="6" coveredstatements="6" elements="8" coveredelements="8"/>
        </class>
        <line num="18" type="method" name="__construct" visibility="public" complexity="1" crap="1" count="5"/>
        <line num="22" type="stmt" count="5"/>
        <line num="31" type="method" name="__invoke" visibility="public" complexity="1" crap="1" count="5"/>
        <line num="33" type="stmt" count="5"/>
        <line num="35" type="stmt" count="5"/>
        <line num="36" type="stmt" count="5"/>
        <line num="37" type="stmt" count="5"/>
        <line num="39" type="stmt" count="5"/>
        <metrics loc="42" ncloc="28" classes="1" methods="2" coveredmethods="2" conditionals="0" coveredconditionals="0" statements="6" coveredstatements="6" elements="8" coveredelements="8"/>
      </file>
      <file name="C:\Users\felip\Documents\Projects\social-sports-api\app\Http\Controllers\ProfileController.php">
        <class name="App\Http\Controllers\ProfileController" namespace="App\Http\Controllers">
          <metrics complexity="2" methods="2" coveredmethods="2" conditionals="0" coveredconditionals="0" statements="8" coveredstatements="8" elements="10" coveredelements="10"/>
        </class>
        <line num="30" type="method" name="__construct" visibility="public" complexity="1" crap="1" count="10"/>
        <line num="36" type="stmt" count="10"/>
        <line num="46" type="method" name="__invoke" visibility="public" complexity="1" crap="1" count="4"/>
        <line num="60" type="stmt" count="4"/>
        <line num="63" type="stmt" count="4"/>
        <line num="65" type="stmt" count="4"/>
        <line num="67" type="stmt" count="4"/>
        <line num="69" type="stmt" count="4"/>
        <line num="70" type="stmt" count="4"/>
        <line num="71" type="stmt" count="4"/>
        <metrics loc="74" ncloc="56" classes="1" methods="2" coveredmethods="2" conditionals="0" coveredconditionals="0" statements="8" coveredstatements="8" elements="10" coveredelements="10"/>
      </file>
      <file name="C:\Users\felip\Documents\Projects\social-sports-api\app\Http\Controllers\SportController.php">
        <class name="App\Http\Controllers\SportController" namespace="App\Http\Controllers">
          <metrics complexity="2" methods="2" coveredmethods="2" conditionals="0" coveredconditionals="0" statements="3" coveredstatements="3" elements="5" coveredelements="5"/>
        </class>
        <line num="22" type="method" name="__construct" visibility="public" complexity="1" crap="1" count="5"/>
        <line num="26" type="stmt" count="5"/>
        <line num="35" type="method" name="__invoke" visibility="public" complexity="1" crap="1" count="5"/>
        <line num="41" type="stmt" count="5"/>
        <line num="43" type="stmt" count="5"/>
        <metrics loc="46" ncloc="32" classes="1" methods="2" coveredmethods="2" conditionals="0" coveredconditionals="0" statements="3" coveredstatements="3" elements="5" coveredelements="5"/>
      </file>
      <file name="C:\Users\felip\Documents\Projects\social-sports-api\app\Http\Controllers\VenueController.php">
        <class name="App\Http\Controllers\VenueController" namespace="App\Http\Controllers">
          <metrics complexity="3" methods="3" coveredmethods="3" conditionals="0" coveredconditionals="0" statements="7" coveredstatements="7" elements="10" coveredelements="10"/>
        </class>
        <line num="29" type="method" name="__construct" visibility="public" complexity="1" crap="1" count="21"/>
        <line num="33" type="stmt" count="21"/>
        <line num="42" type="method" name="index" visibility="public" complexity="1" crap="1" count="5"/>
        <line num="49" type="stmt" count="5"/>
        <line num="51" type="stmt" count="5"/>
        <line num="53" type="stmt" count="5"/>
        <line num="63" type="method" name="show" visibility="public" complexity="1" crap="1" count="6"/>
        <line num="70" type="stmt" count="6"/>
        <line num="72" type="stmt" count="6"/>
        <line num="74" type="stmt" count="5"/>
        <metrics loc="77" ncloc="54" classes="1" methods="3" coveredmethods="3" conditionals="0" coveredconditionals="0" statements="7" coveredstatements="7" elements="10" coveredelements="10"/>
      </file>
    </package>
    <package name="App\Http\Middleware">
      <file name="C:\Users\felip\Documents\Projects\social-sports-api\app\Http\Middleware\ForceJsonAccept.php">
        <class name="App\Http\Middleware\ForceJsonAccept" namespace="App\Http\Middleware">
          <metrics complexity="1" methods="1" coveredmethods="1" conditionals="0" coveredconditionals="0" statements="2" coveredstatements="2" elements="3" coveredelements="3"/>
        </class>
        <line num="16" type="method" name="handle" visibility="public" complexity="1" crap="1" count="81"/>
        <line num="18" type="stmt" count="81"/>
        <line num="20" type="stmt" count="81"/>
        <metrics loc="23" ncloc="18" classes="1" methods="1" coveredmethods="1" conditionals="0" coveredconditionals="0" statements="2" coveredstatements="2" elements="3" coveredelements="3"/>
      </file>
      <file name="C:\Users\felip\Documents\Projects\social-sports-api\app\Http\Middleware\RestrictedDocsAccess.php">
        <class name="App\Http\Middleware\RestrictedDocsAccess" namespace="App\Http\Middleware">
          <metrics complexity="1" methods="1" coveredmethods="1" conditionals="0" coveredconditionals="0" statements="1" coveredstatements="1" elements="2" coveredelements="2"/>
        </class>
        <line num="16" type="method" name="handle" visibility="public" complexity="1" crap="1" count="1"/>
        <line num="20" type="stmt" count="1"/>
        <metrics loc="23" ncloc="17" classes="1" methods="1" coveredmethods="1" conditionals="0" coveredconditionals="0" statements="1" coveredstatements="1" elements="2" coveredelements="2"/>
      </file>
    </package>
    <package name="App\Http\Requests\Authentication">
      <file name="C:\Users\felip\Documents\Projects\social-sports-api\app\Http\Requests\Authentication\ForgotPasswordRequest.php">
        <class name="App\Http\Requests\Authentication\ForgotPasswordRequest" namespace="App\Http\Requests\Authentication">
          <metrics complexity="1" methods="1" coveredmethods="1" conditionals="0" coveredconditionals="0" statements="3" coveredstatements="3" elements="4" coveredelements="4"/>
        </class>
        <line num="15" type="method" name="rules" visibility="public" complexity="1" crap="1" count="11"/>
        <line num="17" type="stmt" count="11"/>
        <line num="18" type="stmt" count="11"/>
        <line num="19" type="stmt" count="11"/>
        <metrics loc="22" ncloc="17" classes="1" methods="1" coveredmethods="1" conditionals="0" coveredconditionals="0" statements="3" coveredstatements="3" elements="4" coveredelements="4"/>
      </file>
      <file name="C:\Users\felip\Documents\Projects\social-sports-api\app\Http\Requests\Authentication\LoginRequest.php">
        <class name="App\Http\Requests\Authentication\LoginRequest" namespace="App\Http\Requests\Authentication">
          <metrics complexity="1" methods="1" coveredmethods="1" conditionals="0" coveredconditionals="0" statements="4" coveredstatements="4" elements="5" coveredelements="5"/>
        </class>
        <line num="15" type="method" name="rules" visibility="public" complexity="1" crap="1" count="11"/>
        <line num="17" type="stmt" count="11"/>
        <line num="18" type="stmt" count="11"/>
        <line num="19" type="stmt" count="11"/>
        <line num="20" type="stmt" count="11"/>
        <metrics loc="23" ncloc="18" classes="1" methods="1" coveredmethods="1" conditionals="0" coveredconditionals="0" statements="4" coveredstatements="4" elements="5" coveredelements="5"/>
      </file>
      <file name="C:\Users\felip\Documents\Projects\social-sports-api\app\Http\Requests\Authentication\RegisterRequest.php">
        <class name="App\Http\Requests\Authentication\RegisterRequest" namespace="App\Http\Requests\Authentication">
          <metrics complexity="1" methods="1" coveredmethods="1" conditionals="0" coveredconditionals="0" statements="5" coveredstatements="5" elements="6" coveredelements="6"/>
        </class>
        <line num="16" type="method" name="rules" visibility="public" complexity="1" crap="1" count="31"/>
        <line num="18" type="stmt" count="31"/>
        <line num="19" type="stmt" count="31"/>
        <line num="20" type="stmt" count="31"/>
        <line num="21" type="stmt" count="31"/>
        <line num="22" type="stmt" count="31"/>
        <metrics loc="25" ncloc="20" classes="1" methods="1" coveredmethods="1" conditionals="0" coveredconditionals="0" statements="5" coveredstatements="5" elements="6" coveredelements="6"/>
      </file>
      <file name="C:\Users\felip\Documents\Projects\social-sports-api\app\Http\Requests\Authentication\ResetPasswordRequest.php">
        <class name="App\Http\Requests\Authentication\ResetPasswordRequest" namespace="App\Http\Requests\Authentication">
          <metrics complexity="1" methods="1" coveredmethods="1" conditionals="0" coveredconditionals="0" statements="5" coveredstatements="5" elements="6" coveredelements="6"/>
        </class>
        <line num="16" type="method" name="rules" visibility="public" complexity="1" crap="1" count="21"/>
        <line num="18" type="stmt" count="21"/>
        <line num="19" type="stmt" count="21"/>
        <line num="20" type="stmt" count="21"/>
        <line num="21" type="stmt" count="21"/>
        <line num="22" type="stmt" count="21"/>
        <metrics loc="25" ncloc="20" classes="1" methods="1" coveredmethods="1" conditionals="0" coveredconditionals="0" statements="5" coveredstatements="5" elements="6" coveredelements="6"/>
      </file>
      <file name="C:\Users\felip\Documents\Projects\social-sports-api\app\Http\Requests\Authentication\VerifyRequest.php">
        <class name="App\Http\Requests\Authentication\VerifyRequest" namespace="App\Http\Requests\Authentication">
          <metrics complexity="1" methods="1" coveredmethods="1" conditionals="0" coveredconditionals="0" statements="4" coveredstatements="4" elements="5" coveredelements="5"/>
        </class>
        <line num="15" type="method" name="rules" visibility="public" complexity="1" crap="1" count="5"/>
        <line num="17" type="stmt" count="5"/>
        <line num="18" type="stmt" count="5"/>
        <line num="19" type="stmt" count="5"/>
        <line num="20" type="stmt" count="5"/>
        <metrics loc="23" ncloc="18" classes="1" methods="1" coveredmethods="1" conditionals="0" coveredconditionals="0" statements="4" coveredstatements="4" elements="5" coveredelements="5"/>
      </file>
    </package>
    <package name="App\Http\Requests">
      <file name="C:\Users\felip\Documents\Projects\social-sports-api\app\Http\Requests\BaseFilterRequest.php">
        <class name="App\Http\Requests\BaseFilterRequest" namespace="App\Http\Requests">
          <metrics complexity="8" methods="2" coveredmethods="2" conditionals="0" coveredconditionals="0" statements="16" coveredstatements="16" elements="18" coveredelements="18"/>
        </class>
        <line num="13" type="method" name="prepareForValidation" visibility="protected" complexity="4" crap="4" count="39"/>
        <line num="15" type="stmt" count="39"/>
        <line num="17" type="stmt" count="39"/>
        <line num="18" type="stmt" count="37"/>
        <line num="21" type="stmt" count="39"/>
        <line num="22" type="stmt" count="36"/>
        <line num="23" type="stmt" count="35"/>
        <line num="31" type="method" name="validated" visibility="public" complexity="4" crap="4" count="11"/>
        <line num="33" type="stmt" count="11"/>
        <line num="35" type="stmt" count="11"/>
        <line num="36" type="stmt" count="2"/>
        <line num="39" type="stmt" count="9"/>
        <line num="41" type="stmt" count="9"/>
        <line num="43" type="stmt" count="9"/>
        <line num="44" type="stmt" count="8"/>
        <line num="45" type="stmt" count="7"/>
        <line num="47" type="stmt" count="5"/>
        <line num="51" type="stmt" count="9"/>
        <metrics loc="54" ncloc="48" classes="1" methods="2" coveredmethods="2" conditionals="0" coveredconditionals="0" statements="16" coveredstatements="16" elements="18" coveredelements="18"/>
      </file>
      <file name="C:\Users\felip\Documents\Projects\social-sports-api\app\Http\Requests\BaseRequest.php">
        <class name="App\Http\Requests\BaseRequest" namespace="App\Http\Requests">
          <metrics complexity="10" methods="3" coveredmethods="3" conditionals="0" coveredconditionals="0" statements="22" coveredstatements="22" elements="25" coveredelements="25"/>
        </class>
        <line num="23" type="method" name="authorize" visibility="public" complexity="1" crap="1" count="68"/>
        <line num="25" type="stmt" count="68"/>
        <line num="31" type="method" name="prepareForValidation" visibility="protected" complexity="1" crap="1" count="163"/>
        <line num="33" type="stmt" count="163"/>
        <line num="41" type="method" name="castBooleanFields" visibility="protected" complexity="8" crap="8" count="163"/>
        <line num="43" type="stmt" count="163"/>
        <line num="44" type="stmt" count="156"/>
        <line num="47" type="stmt" count="7"/>
        <line num="49" type="stmt" count="7"/>
        <line num="50" type="stmt" count="7"/>
        <line num="52" type="stmt" count="7"/>
        <line num="53" type="stmt" count="7"/>
        <line num="54" type="stmt" count="7"/>
        <line num="55" type="stmt" count="7"/>
        <line num="56" type="stmt" count="7"/>
        <line num="57" type="stmt" count="7"/>
        <line num="58" type="stmt" count="7"/>
        <line num="59" type="stmt" count="7"/>
        <line num="60" type="stmt" count="7"/>
        <line num="62" type="stmt" count="7"/>
        <line num="63" type="stmt" count="6"/>
        <line num="65" type="stmt" count="6"/>
        <line num="69" type="stmt" count="7"/>
        <line num="74" type="stmt" count="7"/>
        <line num="75" type="stmt" count="6"/>
        <metrics loc="79" ncloc="63" classes="1" methods="3" coveredmethods="3" conditionals="0" coveredconditionals="0" statements="22" coveredstatements="22" elements="25" coveredelements="25"/>
      </file>
    </package>
    <package name="App\Http\Requests\Profile">
      <file name="C:\Users\felip\Documents\Projects\social-sports-api\app\Http\Requests\Profile\ProfileUpdateRequest.php">
        <class name="App\Http\Requests\Profile\ProfileUpdateRequest" namespace="App\Http\Requests\Profile">
          <metrics complexity="1" methods="1" coveredmethods="1" conditionals="0" coveredconditionals="0" statements="6" coveredstatements="6" elements="7" coveredelements="7"/>
        </class>
        <line num="15" type="method" name="rules" visibility="public" complexity="1" crap="1" count="21"/>
        <line num="17" type="stmt" count="21"/>
        <line num="18" type="stmt" count="21"/>
        <line num="19" type="stmt" count="21"/>
        <line num="20" type="stmt" count="21"/>
        <line num="21" type="stmt" count="21"/>
        <line num="22" type="stmt" count="21"/>
        <metrics loc="25" ncloc="20" classes="1" methods="1" coveredmethods="1" conditionals="0" coveredconditionals="0" statements="6" coveredstatements="6" elements="7" coveredelements="7"/>
      </file>
    </package>
    <package name="App\Http\Requests\Venue">
      <file name="C:\Users\felip\Documents\Projects\social-sports-api\app\Http\Requests\Venue\VenueDetailsRequest.php">
        <class name="App\Http\Requests\Venue\VenueDetailsRequest" namespace="App\Http\Requests\Venue">
          <metrics complexity="1" methods="1" coveredmethods="1" conditionals="0" coveredconditionals="0" statements="4" coveredstatements="4" elements="5" coveredelements="5"/>
        </class>
        <line num="15" type="method" name="rules" visibility="public" complexity="1" crap="1" count="16"/>
        <line num="17" type="stmt" count="16"/>
        <line num="18" type="stmt" count="16"/>
        <line num="19" type="stmt" count="16"/>
        <line num="20" type="stmt" count="16"/>
        <metrics loc="23" ncloc="18" classes="1" methods="1" coveredmethods="1" conditionals="0" coveredconditionals="0" statements="4" coveredstatements="4" elements="5" coveredelements="5"/>
      </file>
      <file name="C:\Users\felip\Documents\Projects\social-sports-api\app\Http\Requests\Venue\VenueFilterRequest.php">
        <class name="App\Http\Requests\Venue\VenueFilterRequest" namespace="App\Http\Requests\Venue">
          <metrics complexity="1" methods="1" coveredmethods="1" conditionals="0" coveredconditionals="0" statements="15" coveredstatements="15" elements="16" coveredelements="16"/>
        </class>
        <line num="17" type="method" name="rules" visibility="public" complexity="1" crap="1" count="35"/>
        <line num="20" type="stmt" count="35"/>
        <line num="22" type="stmt" count="35"/>
        <line num="24" type="stmt" count="35"/>
        <line num="25" type="stmt" count="35"/>
        <line num="26" type="stmt" count="35"/>
        <line num="27" type="stmt" count="35"/>
        <line num="28" type="stmt" count="35"/>
        <line num="29" type="stmt" count="35"/>
        <line num="30" type="stmt" count="35"/>
        <line num="31" type="stmt" count="35"/>
        <line num="32" type="stmt" count="35"/>
        <line num="33" type="stmt" count="35"/>
        <line num="34" type="stmt" count="35"/>
        <line num="35" type="stmt" count="35"/>
        <line num="36" type="stmt" count="35"/>
        <metrics loc="39" ncloc="33" classes="1" methods="1" coveredmethods="1" conditionals="0" coveredconditionals="0" statements="15" coveredstatements="15" elements="16" coveredelements="16"/>
      </file>
    </package>
    <package name="App\Http\Resources">
      <file name="C:\Users\felip\Documents\Projects\social-sports-api\app\Http\Resources\ProfileResource.php">
        <class name="App\Http\Resources\ProfileResource" namespace="App\Http\Resources">
          <metrics complexity="1" methods="1" coveredmethods="1" conditionals="0" coveredconditionals="0" statements="6" coveredstatements="6" elements="7" coveredelements="7"/>
        </class>
        <line num="19" type="method" name="toArray" visibility="public" complexity="1" crap="1" count="4"/>
        <line num="21" type="stmt" count="4"/>
        <line num="22" type="stmt" count="4"/>
        <line num="23" type="stmt" count="4"/>
        <line num="24" type="stmt" count="4"/>
        <line num="25" type="stmt" count="4"/>
        <line num="26" type="stmt" count="4"/>
        <metrics loc="29" ncloc="21" classes="1" methods="1" coveredmethods="1" conditionals="0" coveredconditionals="0" statements="6" coveredstatements="6" elements="7" coveredelements="7"/>
      </file>
      <file name="C:\Users\felip\Documents\Projects\social-sports-api\app\Http\Resources\SportResource.php">
        <class name="App\Http\Resources\SportResource" namespace="App\Http\Resources">
          <metrics complexity="1" methods="1" coveredmethods="1" conditionals="0" coveredconditionals="0" statements="8" coveredstatements="8" elements="9" coveredelements="9"/>
        </class>
        <line num="21" type="method" name="toArray" visibility="public" complexity="1" crap="1" count="4"/>
        <line num="23" type="stmt" count="4"/>
        <line num="24" type="stmt" count="4"/>
        <line num="25" type="stmt" count="4"/>
        <line num="26" type="stmt" count="4"/>
        <line num="27" type="stmt" count="4"/>
        <line num="28" type="stmt" count="4"/>
        <line num="29" type="stmt" count="4"/>
        <line num="30" type="stmt" count="4"/>
        <metrics loc="33" ncloc="23" classes="1" methods="1" coveredmethods="1" conditionals="0" coveredconditionals="0" statements="8" coveredstatements="8" elements="9" coveredelements="9"/>
      </file>
      <file name="C:\Users\felip\Documents\Projects\social-sports-api\app\Http\Resources\UserResource.php">
        <class name="App\Http\Resources\UserResource" namespace="App\Http\Resources">
          <metrics complexity="1" methods="1" coveredmethods="1" conditionals="0" coveredconditionals="0" statements="8" coveredstatements="8" elements="9" coveredelements="9"/>
        </class>
        <line num="19" type="method" name="toArray" visibility="public" complexity="1" crap="1" count="5"/>
        <line num="21" type="stmt" count="5"/>
        <line num="22" type="stmt" count="5"/>
        <line num="23" type="stmt" count="5"/>
        <line num="24" type="stmt" count="5"/>
        <line num="25" type="stmt" count="5"/>
        <line num="26" type="stmt" count="5"/>
        <line num="27" type="stmt" count="5"/>
        <line num="28" type="stmt" count="5"/>
        <metrics loc="31" ncloc="23" classes="1" methods="1" coveredmethods="1" conditionals="0" coveredconditionals="0" statements="8" coveredstatements="8" elements="9" coveredelements="9"/>
      </file>
    </package>
    <package name="App\Http\Resources\Venue">
      <file name="C:\Users\felip\Documents\Projects\social-sports-api\app\Http\Resources\Venue\CreatorResource.php">
        <class name="App\Http\Resources\Venue\CreatorResource" namespace="App\Http\Resources\Venue">
          <metrics complexity="1" methods="1" coveredmethods="1" conditionals="0" coveredconditionals="0" statements="5" coveredstatements="5" elements="6" coveredelements="6"/>
        </class>
        <line num="19" type="method" name="toArray" visibility="public" complexity="1" crap="1" count="3"/>
        <line num="21" type="stmt" count="3"/>
        <line num="22" type="stmt" count="3"/>
        <line num="23" type="stmt" count="3"/>
        <line num="24" type="stmt" count="3"/>
        <line num="25" type="stmt" count="3"/>
        <metrics loc="28" ncloc="20" classes="1" methods="1" coveredmethods="1" conditionals="0" coveredconditionals="0" statements="5" coveredstatements="5" elements="6" coveredelements="6"/>
      </file>
      <file name="C:\Users\felip\Documents\Projects\social-sports-api\app\Http\Resources\Venue\GameSessionResource.php">
        <class name="App\Http\Resources\Venue\GameSessionResource" namespace="App\Http\Resources\Venue">
          <metrics complexity="1" methods="1" coveredmethods="1" conditionals="0" coveredconditionals="0" statements="11" coveredstatements="11" elements="12" coveredelements="12"/>
        </class>
        <line num="19" type="method" name="toArray" visibility="public" complexity="1" crap="1" count="3"/>
        <line num="21" type="stmt" count="3"/>
        <line num="22" type="stmt" count="3"/>
        <line num="23" type="stmt" count="3"/>
        <line num="24" type="stmt" count="3"/>
        <line num="25" type="stmt" count="3"/>
        <line num="26" type="stmt" count="3"/>
        <line num="27" type="stmt" count="3"/>
        <line num="28" type="stmt" count="3"/>
        <line num="29" type="stmt" count="3"/>
        <line num="30" type="stmt" count="3"/>
        <line num="31" type="stmt" count="3"/>
        <metrics loc="34" ncloc="26" classes="1" methods="1" coveredmethods="1" conditionals="0" coveredconditionals="0" statements="11" coveredstatements="11" elements="12" coveredelements="12"/>
      </file>
      <file name="C:\Users\felip\Documents\Projects\social-sports-api\app\Http\Resources\Venue\ProfileResource.php">
        <class name="App\Http\Resources\Venue\ProfileResource" namespace="App\Http\Resources\Venue">
          <metrics complexity="1" methods="1" coveredmethods="1" conditionals="0" coveredconditionals="0" statements="3" coveredstatements="3" elements="4" coveredelements="4"/>
        </class>
        <line num="19" type="method" name="toArray" visibility="public" complexity="1" crap="1" count="2"/>
        <line num="21" type="stmt" count="2"/>
        <line num="22" type="stmt" count="2"/>
        <line num="23" type="stmt" count="2"/>
        <metrics loc="26" ncloc="18" classes="1" methods="1" coveredmethods="1" conditionals="0" coveredconditionals="0" statements="3" coveredstatements="3" elements="4" coveredelements="4"/>
      </file>
      <file name="C:\Users\felip\Documents\Projects\social-sports-api\app\Http\Resources\Venue\SkillLevelResource.php">
        <class name="App\Http\Resources\Venue\SkillLevelResource" namespace="App\Http\Resources\Venue">
          <metrics complexity="1" methods="1" coveredmethods="1" conditionals="0" coveredconditionals="0" statements="4" coveredstatements="4" elements="5" coveredelements="5"/>
        </class>
        <line num="19" type="method" name="toArray" visibility="public" complexity="1" crap="1" count="3"/>
        <line num="21" type="stmt" count="3"/>
        <line num="22" type="stmt" count="3"/>
        <line num="23" type="stmt" count="3"/>
        <line num="24" type="stmt" count="3"/>
        <metrics loc="27" ncloc="19" classes="1" methods="1" coveredmethods="1" conditionals="0" coveredconditionals="0" statements="4" coveredstatements="4" elements="5" coveredelements="5"/>
      </file>
      <file name="C:\Users\felip\Documents\Projects\social-sports-api\app\Http\Resources\Venue\SportResource.php">
        <class name="App\Http\Resources\Venue\SportResource" namespace="App\Http\Resources\Venue">
          <metrics complexity="1" methods="1" coveredmethods="1" conditionals="0" coveredconditionals="0" statements="5" coveredstatements="5" elements="6" coveredelements="6"/>
        </class>
        <line num="19" type="method" name="toArray" visibility="public" complexity="1" crap="1" count="4"/>
        <line num="21" type="stmt" count="4"/>
        <line num="22" type="stmt" count="4"/>
        <line num="23" type="stmt" count="4"/>
        <line num="24" type="stmt" count="4"/>
        <line num="25" type="stmt" count="4"/>
        <metrics loc="28" ncloc="20" classes="1" methods="1" coveredmethods="1" conditionals="0" coveredconditionals="0" statements="5" coveredstatements="5" elements="6" coveredelements="6"/>
      </file>
      <file name="C:\Users\felip\Documents\Projects\social-sports-api\app\Http\Resources\Venue\VenueDetailsResource.php">
        <class name="App\Http\Resources\Venue\VenueDetailsResource" namespace="App\Http\Resources\Venue">
          <metrics complexity="1" methods="1" coveredmethods="1" conditionals="0" coveredconditionals="0" statements="19" coveredstatements="19" elements="20" coveredelements="20"/>
        </class>
        <line num="20" type="method" name="toArray" visibility="public" complexity="1" crap="1" count="5"/>
        <line num="22" type="stmt" count="5"/>
        <line num="23" type="stmt" count="5"/>
        <line num="24" type="stmt" count="5"/>
        <line num="25" type="stmt" count="5"/>
        <line num="26" type="stmt" count="5"/>
        <line num="27" type="stmt" count="5"/>
        <line num="28" type="stmt" count="5"/>
        <line num="29" type="stmt" count="5"/>
        <line num="30" type="stmt" count="5"/>
        <line num="31" type="stmt" count="5"/>
        <line num="32" type="stmt" count="5"/>
        <line num="33" type="stmt" count="5"/>
        <line num="34" type="stmt" count="5"/>
        <line num="35" type="stmt" count="5"/>
        <line num="36" type="stmt" count="5"/>
        <line num="37" type="stmt" count="5"/>
        <line num="38" type="stmt" count="5"/>
        <line num="39" type="stmt" count="5"/>
        <line num="40" type="stmt" count="5"/>
        <metrics loc="43" ncloc="34" classes="1" methods="1" coveredmethods="1" conditionals="0" coveredconditionals="0" statements="19" coveredstatements="19" elements="20" coveredelements="20"/>
      </file>
      <file name="C:\Users\felip\Documents\Projects\social-sports-api\app\Http\Resources\Venue\VenueResource.php">
        <class name="App\Http\Resources\Venue\VenueResource" namespace="App\Http\Resources\Venue">
          <metrics complexity="1" methods="1" coveredmethods="1" conditionals="0" coveredconditionals="0" statements="16" coveredstatements="16" elements="17" coveredelements="17"/>
        </class>
        <line num="22" type="method" name="toArray" visibility="public" complexity="1" crap="1" count="5"/>
        <line num="24" type="stmt" count="5"/>
        <line num="25" type="stmt" count="5"/>
        <line num="26" type="stmt" count="5"/>
        <line num="27" type="stmt" count="5"/>
        <line num="28" type="stmt" count="5"/>
        <line num="29" type="stmt" count="5"/>
        <line num="30" type="stmt" count="5"/>
        <line num="31" type="stmt" count="5"/>
        <line num="32" type="stmt" count="5"/>
        <line num="33" type="stmt" count="5"/>
        <line num="34" type="stmt" count="5"/>
        <line num="35" type="stmt" count="5"/>
        <line num="36" type="stmt" count="5"/>
        <line num="37" type="stmt" count="5"/>
        <line num="38" type="stmt" count="5"/>
        <line num="39" type="stmt" count="5"/>
        <metrics loc="42" ncloc="31" classes="1" methods="1" coveredmethods="1" conditionals="0" coveredconditionals="0" statements="16" coveredstatements="16" elements="17" coveredelements="17"/>
      </file>
    </package>
    <package name="App\Listeners\Authentication">
      <file name="C:\Users\felip\Documents\Projects\social-sports-api\app\Listeners\Authentication\AuthenticationSubscriber.php">
        <class name="App\Listeners\Authentication\AuthenticationSubscriber" namespace="App\Listeners\Authentication">
          <metrics complexity="3" methods="3" coveredmethods="3" conditionals="0" coveredconditionals="0" statements="5" coveredstatements="5" elements="8" coveredelements="8"/>
        </class>
        <line num="19" type="method" name="__construct" visibility="public" complexity="1" crap="1" count="483"/>
        <line num="22" type="stmt" count="483"/>
        <line num="30" type="method" name="handleUserLogin" visibility="public" complexity="1" crap="1" count="5"/>
        <line num="33" type="stmt" count="5"/>
        <line num="40" type="method" name="subscribe" visibility="public" complexity="1" crap="1" count="483"/>
        <line num="42" type="stmt" count="483"/>
        <line num="43" type="stmt" count="483"/>
        <line num="44" type="stmt" count="483"/>
        <metrics loc="47" ncloc="29" classes="1" methods="3" coveredmethods="3" conditionals="0" coveredconditionals="0" statements="5" coveredstatements="5" elements="8" coveredelements="8"/>
      </file>
    </package>
    <package name="App\Models">
      <file name="C:\Users\felip\Documents\Projects\social-sports-api\app\Models\Conversation.php">
        <class name="App\Models\Conversation" namespace="App\Models">
          <metrics complexity="5" methods="5" coveredmethods="5" conditionals="0" coveredconditionals="0" statements="11" coveredstatements="11" elements="16" coveredelements="16"/>
        </class>
        <line num="29" type="method" name="casts" visibility="protected" complexity="1" crap="1" count="11"/>
        <line num="31" type="stmt" count="11"/>
        <line num="32" type="stmt" count="11"/>
        <line num="33" type="stmt" count="11"/>
        <line num="34" type="stmt" count="11"/>
        <line num="42" type="method" name="gameSession" visibility="public" complexity="1" crap="1" count="1"/>
        <line num="44" type="stmt" count="1"/>
        <line num="52" type="method" name="type" visibility="public" complexity="1" crap="1" count="1"/>
        <line num="54" type="stmt" count="1"/>
        <line num="62" type="method" name="messages" visibility="public" complexity="1" crap="1" count="1"/>
        <line num="64" type="stmt" count="1"/>
        <line num="72" type="method" name="users" visibility="public" complexity="1" crap="1" count="1"/>
        <line num="74" type="stmt" count="1"/>
        <line num="75" type="stmt" count="1"/>
        <line num="76" type="stmt" count="1"/>
        <line num="77" type="stmt" count="1"/>
        <metrics loc="80" ncloc="56" classes="1" methods="5" coveredmethods="5" conditionals="0" coveredconditionals="0" statements="11" coveredstatements="11" elements="16" coveredelements="16"/>
      </file>
      <file name="C:\Users\felip\Documents\Projects\social-sports-api\app\Models\ConversationType.php">
        <class name="App\Models\ConversationType" namespace="App\Models">
          <metrics complexity="1" methods="1" coveredmethods="1" conditionals="0" coveredconditionals="0" statements="1" coveredstatements="1" elements="2" coveredelements="2"/>
        </class>
        <line num="29" type="method" name="conversations" visibility="public" complexity="1" crap="1" count="1"/>
        <line num="31" type="stmt" count="1"/>
        <metrics loc="34" ncloc="28" classes="1" methods="1" coveredmethods="1" conditionals="0" coveredconditionals="0" statements="1" coveredstatements="1" elements="2" coveredelements="2"/>
      </file>
      <file name="C:\Users\felip\Documents\Projects\social-sports-api\app\Models\ConversationUser.php">
        <class name="App\Models\ConversationUser" namespace="App\Models">
          <metrics complexity="3" methods="3" coveredmethods="3" conditionals="0" coveredconditionals="0" statements="8" coveredstatements="8" elements="11" coveredelements="11"/>
        </class>
        <line num="41" type="method" name="casts" visibility="protected" complexity="1" crap="1" count="6"/>
        <line num="43" type="stmt" count="6"/>
        <line num="44" type="stmt" count="6"/>
        <line num="45" type="stmt" count="6"/>
        <line num="46" type="stmt" count="6"/>
        <line num="47" type="stmt" count="6"/>
        <line num="48" type="stmt" count="6"/>
        <line num="56" type="method" name="user" visibility="public" complexity="1" crap="1" count="1"/>
        <line num="58" type="stmt" count="1"/>
        <line num="66" type="method" name="conversation" visibility="public" complexity="1" crap="1" count="1"/>
        <line num="68" type="stmt" count="1"/>
        <metrics loc="71" ncloc="51" classes="1" methods="3" coveredmethods="3" conditionals="0" coveredconditionals="0" statements="8" coveredstatements="8" elements="11" coveredelements="11"/>
      </file>
      <file name="C:\Users\felip\Documents\Projects\social-sports-api\app\Models\Feedback.php">
        <class name="App\Models\Feedback" namespace="App\Models">
          <metrics complexity="4" methods="4" coveredmethods="4" conditionals="0" coveredconditionals="0" statements="9" coveredstatements="9" elements="13" coveredelements="13"/>
        </class>
        <line num="39" type="method" name="casts" visibility="protected" complexity="1" crap="1" count="9"/>
        <line num="41" type="stmt" count="9"/>
        <line num="42" type="stmt" count="9"/>
        <line num="43" type="stmt" count="9"/>
        <line num="44" type="stmt" count="9"/>
        <line num="45" type="stmt" count="9"/>
        <line num="46" type="stmt" count="9"/>
        <line num="54" type="method" name="user" visibility="public" complexity="1" crap="1" count="1"/>
        <line num="56" type="stmt" count="1"/>
        <line num="64" type="method" name="status" visibility="public" complexity="1" crap="1" count="1"/>
        <line num="66" type="stmt" count="1"/>
        <line num="74" type="method" name="category" visibility="public" complexity="1" crap="1" count="1"/>
        <line num="76" type="stmt" count="1"/>
        <metrics loc="79" ncloc="57" classes="1" methods="4" coveredmethods="4" conditionals="0" coveredconditionals="0" statements="9" coveredstatements="9" elements="13" coveredelements="13"/>
      </file>
      <file name="C:\Users\felip\Documents\Projects\social-sports-api\app\Models\FeedbackCategory.php">
        <class name="App\Models\FeedbackCategory" namespace="App\Models">
          <metrics complexity="1" methods="1" coveredmethods="1" conditionals="0" coveredconditionals="0" statements="1" coveredstatements="1" elements="2" coveredelements="2"/>
        </class>
        <line num="28" type="method" name="feedbacks" visibility="public" complexity="1" crap="1" count="1"/>
        <line num="30" type="stmt" count="1"/>
        <metrics loc="33" ncloc="27" classes="1" methods="1" coveredmethods="1" conditionals="0" coveredconditionals="0" statements="1" coveredstatements="1" elements="2" coveredelements="2"/>
      </file>
      <file name="C:\Users\felip\Documents\Projects\social-sports-api\app\Models\FeedbackStatus.php">
        <class name="App\Models\FeedbackStatus" namespace="App\Models">
          <metrics complexity="1" methods="1" coveredmethods="1" conditionals="0" coveredconditionals="0" statements="1" coveredstatements="1" elements="2" coveredelements="2"/>
        </class>
        <line num="28" type="method" name="feedbacks" visibility="public" complexity="1" crap="1" count="1"/>
        <line num="30" type="stmt" count="1"/>
        <metrics loc="33" ncloc="27" classes="1" methods="1" coveredmethods="1" conditionals="0" coveredconditionals="0" statements="1" coveredstatements="1" elements="2" coveredelements="2"/>
      </file>
      <file name="C:\Users\felip\Documents\Projects\social-sports-api\app\Models\GameSession.php">
        <class name="App\Models\GameSession" namespace="App\Models">
          <metrics complexity="11" methods="11" coveredmethods="11" conditionals="0" coveredconditionals="0" statements="24" coveredstatements="24" elements="35" coveredelements="35"/>
        </class>
        <line num="40" type="method" name="casts" visibility="protected" complexity="1" crap="1" count="30"/>
        <line num="42" type="stmt" count="30"/>
        <line num="43" type="stmt" count="30"/>
        <line num="44" type="stmt" count="30"/>
        <line num="45" type="stmt" count="30"/>
        <line num="46" type="stmt" count="30"/>
        <line num="47" type="stmt" count="30"/>
        <line num="48" type="stmt" count="30"/>
        <line num="49" type="stmt" count="30"/>
        <line num="50" type="stmt" count="30"/>
        <line num="51" type="stmt" count="30"/>
        <line num="52" type="stmt" count="30"/>
        <line num="53" type="stmt" count="30"/>
        <line num="54" type="stmt" count="30"/>
        <line num="55" type="stmt" count="30"/>
        <line num="63" type="method" name="sport" visibility="public" complexity="1" crap="1" count="4"/>
        <line num="65" type="stmt" count="4"/>
        <line num="73" type="method" name="venue" visibility="public" complexity="1" crap="1" count="1"/>
        <line num="75" type="stmt" count="1"/>
        <line num="83" type="method" name="skillLevel" visibility="public" complexity="1" crap="1" count="4"/>
        <line num="85" type="stmt" count="4"/>
        <line num="93" type="method" name="creator" visibility="public" complexity="1" crap="1" count="4"/>
        <line num="95" type="stmt" count="4"/>
        <line num="103" type="method" name="hostTeam" visibility="public" complexity="1" crap="1" count="1"/>
        <line num="105" type="stmt" count="1"/>
        <line num="113" type="method" name="visitorTeam" visibility="public" complexity="1" crap="1" count="1"/>
        <line num="115" type="stmt" count="1"/>
        <line num="123" type="method" name="status" visibility="public" complexity="1" crap="1" count="1"/>
        <line num="125" type="stmt" count="1"/>
        <line num="133" type="method" name="payment" visibility="public" complexity="1" crap="1" count="1"/>
        <line num="135" type="stmt" count="1"/>
        <line num="143" type="method" name="conversations" visibility="public" complexity="1" crap="1" count="1"/>
        <line num="145" type="stmt" count="1"/>
        <line num="153" type="method" name="requests" visibility="public" complexity="1" crap="1" count="1"/>
        <line num="155" type="stmt" count="1"/>
        <metrics loc="158" ncloc="104" classes="1" methods="11" coveredmethods="11" conditionals="0" coveredconditionals="0" statements="24" coveredstatements="24" elements="35" coveredelements="35"/>
      </file>
      <file name="C:\Users\felip\Documents\Projects\social-sports-api\app\Models\GameSessionRequest.php">
        <class name="App\Models\GameSessionRequest" namespace="App\Models">
          <metrics complexity="4" methods="4" coveredmethods="4" conditionals="0" coveredconditionals="0" statements="8" coveredstatements="8" elements="12" coveredelements="12"/>
        </class>
        <line num="27" type="method" name="casts" visibility="protected" complexity="1" crap="1" count="9"/>
        <line num="29" type="stmt" count="9"/>
        <line num="30" type="stmt" count="9"/>
        <line num="31" type="stmt" count="9"/>
        <line num="32" type="stmt" count="9"/>
        <line num="33" type="stmt" count="9"/>
        <line num="41" type="method" name="user" visibility="public" complexity="1" crap="1" count="1"/>
        <line num="43" type="stmt" count="1"/>
        <line num="51" type="method" name="gameSession" visibility="public" complexity="1" crap="1" count="1"/>
        <line num="53" type="stmt" count="1"/>
        <line num="61" type="method" name="status" visibility="public" complexity="1" crap="1" count="1"/>
        <line num="63" type="stmt" count="1"/>
        <metrics loc="66" ncloc="47" classes="1" methods="4" coveredmethods="4" conditionals="0" coveredconditionals="0" statements="8" coveredstatements="8" elements="12" coveredelements="12"/>
      </file>
      <file name="C:\Users\felip\Documents\Projects\social-sports-api\app\Models\GameSessionRequestStatus.php">
        <class name="App\Models\GameSessionRequestStatus" namespace="App\Models">
          <metrics complexity="1" methods="1" coveredmethods="1" conditionals="0" coveredconditionals="0" statements="1" coveredstatements="1" elements="2" coveredelements="2"/>
        </class>
        <line num="28" type="method" name="requests" visibility="public" complexity="1" crap="1" count="1"/>
        <line num="30" type="stmt" count="1"/>
        <metrics loc="33" ncloc="27" classes="1" methods="1" coveredmethods="1" conditionals="0" coveredconditionals="0" statements="1" coveredstatements="1" elements="2" coveredelements="2"/>
      </file>
      <file name="C:\Users\felip\Documents\Projects\social-sports-api\app\Models\GameSessionStatus.php">
        <class name="App\Models\GameSessionStatus" namespace="App\Models">
          <metrics complexity="1" methods="1" coveredmethods="1" conditionals="0" coveredconditionals="0" statements="1" coveredstatements="1" elements="2" coveredelements="2"/>
        </class>
        <line num="30" type="method" name="gameSessions" visibility="public" complexity="1" crap="1" count="1"/>
        <line num="32" type="stmt" count="1"/>
        <metrics loc="35" ncloc="29" classes="1" methods="1" coveredmethods="1" conditionals="0" coveredconditionals="0" statements="1" coveredstatements="1" elements="2" coveredelements="2"/>
      </file>
      <file name="C:\Users\felip\Documents\Projects\social-sports-api\app\Models\Media.php">
        <class name="App\Models\Media" namespace="App\Models">
          <metrics complexity="3" methods="3" coveredmethods="3" conditionals="0" coveredconditionals="0" statements="6" coveredstatements="6" elements="9" coveredelements="9"/>
        </class>
        <line num="34" type="method" name="casts" visibility="protected" complexity="1" crap="1" count="9"/>
        <line num="36" type="stmt" count="9"/>
        <line num="37" type="stmt" count="9"/>
        <line num="38" type="stmt" count="9"/>
        <line num="39" type="stmt" count="9"/>
        <line num="47" type="method" name="mediable" visibility="public" complexity="1" crap="1" count="1"/>
        <line num="49" type="stmt" count="1"/>
        <line num="57" type="method" name="type" visibility="public" complexity="1" crap="1" count="1"/>
        <line num="59" type="stmt" count="1"/>
        <metrics loc="62" ncloc="48" classes="1" methods="3" coveredmethods="3" conditionals="0" coveredconditionals="0" statements="6" coveredstatements="6" elements="9" coveredelements="9"/>
      </file>
      <file name="C:\Users\felip\Documents\Projects\social-sports-api\app\Models\MediaType.php">
        <class name="App\Models\MediaType" namespace="App\Models">
          <metrics complexity="1" methods="1" coveredmethods="1" conditionals="0" coveredconditionals="0" statements="1" coveredstatements="1" elements="2" coveredelements="2"/>
        </class>
        <line num="24" type="method" name="media" visibility="public" complexity="1" crap="1" count="1"/>
        <line num="26" type="stmt" count="1"/>
        <metrics loc="29" ncloc="23" classes="1" methods="1" coveredmethods="1" conditionals="0" coveredconditionals="0" statements="1" coveredstatements="1" elements="2" coveredelements="2"/>
      </file>
      <file name="C:\Users\felip\Documents\Projects\social-sports-api\app\Models\Message.php">
        <class name="App\Models\Message" namespace="App\Models">
          <metrics complexity="3" methods="3" coveredmethods="3" conditionals="0" coveredconditionals="0" statements="6" coveredstatements="6" elements="9" coveredelements="9"/>
        </class>
        <line num="26" type="method" name="casts" visibility="protected" complexity="1" crap="1" count="8"/>
        <line num="28" type="stmt" count="8"/>
        <line num="29" type="stmt" count="8"/>
        <line num="30" type="stmt" count="8"/>
        <line num="31" type="stmt" count="8"/>
        <line num="39" type="method" name="user" visibility="public" complexity="1" crap="1" count="1"/>
        <line num="41" type="stmt" count="1"/>
        <line num="49" type="method" name="conversation" visibility="public" complexity="1" crap="1" count="1"/>
        <line num="51" type="stmt" count="1"/>
        <metrics loc="54" ncloc="40" classes="1" methods="3" coveredmethods="3" conditionals="0" coveredconditionals="0" statements="6" coveredstatements="6" elements="9" coveredelements="9"/>
      </file>
      <file name="C:\Users\felip\Documents\Projects\social-sports-api\app\Models\Payment.php">
        <class name="App\Models\Payment" namespace="App\Models">
          <metrics complexity="5" methods="5" coveredmethods="5" conditionals="0" coveredconditionals="0" statements="10" coveredstatements="10" elements="15" coveredelements="15"/>
        </class>
        <line num="31" type="method" name="casts" visibility="protected" complexity="1" crap="1" count="10"/>
        <line num="33" type="stmt" count="10"/>
        <line num="34" type="stmt" count="10"/>
        <line num="35" type="stmt" count="10"/>
        <line num="36" type="stmt" count="10"/>
        <line num="37" type="stmt" count="10"/>
        <line num="38" type="stmt" count="10"/>
        <line num="46" type="method" name="user" visibility="public" complexity="1" crap="1" count="1"/>
        <line num="48" type="stmt" count="1"/>
        <line num="56" type="method" name="gameSession" visibility="public" complexity="1" crap="1" count="1"/>
        <line num="58" type="stmt" count="1"/>
        <line num="66" type="method" name="type" visibility="public" complexity="1" crap="1" count="1"/>
        <line num="68" type="stmt" count="1"/>
        <line num="76" type="method" name="status" visibility="public" complexity="1" crap="1" count="1"/>
        <line num="78" type="stmt" count="1"/>
        <metrics loc="81" ncloc="57" classes="1" methods="5" coveredmethods="5" conditionals="0" coveredconditionals="0" statements="10" coveredstatements="10" elements="15" coveredelements="15"/>
      </file>
      <file name="C:\Users\felip\Documents\Projects\social-sports-api\app\Models\PaymentStatus.php">
        <class name="App\Models\PaymentStatus" namespace="App\Models">
          <metrics complexity="1" methods="1" coveredmethods="1" conditionals="0" coveredconditionals="0" statements="1" coveredstatements="1" elements="2" coveredelements="2"/>
        </class>
        <line num="30" type="method" name="payments" visibility="public" complexity="1" crap="1" count="1"/>
        <line num="32" type="stmt" count="1"/>
[...]
        <line num="56" type="stmt" count="6"/>
        <line num="57" type="stmt" count="6"/>
        <line num="58" type="stmt" count="6"/>
        <metrics loc="61" ncloc="49" classes="1" methods="2" coveredmethods="2" conditionals="0" coveredconditionals="0" statements="22" coveredstatements="22" elements="24" coveredelements="24"/>
      </file>
      <file name="C:\Users\felip\Documents\Projects\social-sports-api\app\Services\StorageService.php">
        <class name="App\Services\StorageService" namespace="App\Services">
          <metrics complexity="13" methods="7" coveredmethods="7" conditionals="0" coveredconditionals="0" statements="24" coveredstatements="24" elements="31" coveredelements="31"/>
        </class>
        <line num="17" type="method" name="__construct" visibility="public" complexity="1" crap="1" count="30"/>
        <line num="21" type="stmt" count="30"/>
        <line num="26" type="method" name="store" visibility="public" complexity="2" crap="2" count="2"/>
        <line num="31" type="stmt" count="2"/>
        <line num="32" type="stmt" count="1"/>
        <line num="35" type="stmt" count="2"/>
        <line num="41" type="method" name="storeContentAs" visibility="public" complexity="2" crap="2" count="4"/>
        <line num="47" type="stmt" count="4"/>
        <line num="48" type="stmt" count="2"/>
        <line num="51" type="stmt" count="4"/>
        <line num="52" type="stmt" count="4"/>
        <line num="54" type="stmt" count="4"/>
        <line num="55" type="stmt" count="4"/>
        <line num="56" type="stmt" count="4"/>
        <line num="57" type="stmt" count="4"/>
        <line num="58" type="stmt" count="4"/>
        <line num="60" type="stmt" count="4"/>
        <line num="66" type="method" name="delete" visibility="public" complexity="3" crap="3" count="5"/>
        <line num="68" type="stmt" count="5"/>
        <line num="69" type="stmt" count="4"/>
        <line num="76" type="method" name="getUrl" visibility="public" complexity="2" crap="2" count="8"/>
        <line num="78" type="stmt" count="8"/>
        <line num="79" type="stmt" count="7"/>
        <line num="82" type="stmt" count="1"/>
        <line num="88" type="method" name="exists" visibility="public" complexity="2" crap="2" count="3"/>
        <line num="90" type="stmt" count="3"/>
        <line num="91" type="stmt" count="1"/>
        <line num="94" type="stmt" count="2"/>
        <line num="100" type="method" name="getDisk" visibility="public" complexity="1" crap="1" count="19"/>
        <line num="103" type="stmt" count="19"/>
        <line num="105" type="stmt" count="19"/>
        <metrics loc="108" ncloc="82" classes="1" methods="7" coveredmethods="7" conditionals="0" coveredconditionals="0" statements="24" coveredstatements="24" elements="31" coveredelements="31"/>
      </file>
      <file name="C:\Users\felip\Documents\Projects\social-sports-api\app\Services\UserService.php">
        <class name="App\Services\UserService" namespace="App\Services">
          <metrics complexity="1" methods="1" coveredmethods="1" conditionals="0" coveredconditionals="0" statements="1" coveredstatements="1" elements="2" coveredelements="2"/>
        </class>
        <line num="20" type="method" name="__construct" visibility="public" complexity="1" crap="1" count="37"/>
        <line num="22" type="stmt" count="37"/>
        <metrics loc="25" ncloc="16" classes="1" methods="1" coveredmethods="1" conditionals="0" coveredconditionals="0" statements="1" coveredstatements="1" elements="2" coveredelements="2"/>
      </file>
      <file name="C:\Users\felip\Documents\Projects\social-sports-api\app\Services\VenueService.php">
        <class name="App\Services\VenueService" namespace="App\Services">
          <metrics complexity="5" methods="3" coveredmethods="3" conditionals="0" coveredconditionals="0" statements="77" coveredstatements="77" elements="80" coveredelements="80"/>
        </class>
        <line num="32" type="method" name="__construct" visibility="public" complexity="1" crap="1" count="26"/>
        <line num="34" type="stmt" count="26"/>
        <line num="40" type="method" name="searchVenues" visibility="public" complexity="1" crap="1" count="7"/>
        <line num="43" type="stmt" count="7"/>
        <line num="45" type="stmt" count="7"/>
        <line num="47" type="stmt" count="7"/>
        <line num="48" type="stmt" count="7"/>
        <line num="49" type="stmt" count="7"/>
        <line num="50" type="stmt" count="7"/>
        <line num="52" type="stmt" count="7"/>
        <line num="53" type="stmt" count="7"/>
        <line num="54" type="stmt" count="7"/>
        <line num="55" type="stmt" count="7"/>
        <line num="56" type="stmt" count="7"/>
        <line num="57" type="stmt" count="7"/>
        <line num="58" type="stmt" count="7"/>
        <line num="59" type="stmt" count="7"/>
        <line num="60" type="stmt" count="7"/>
        <line num="61" type="stmt" count="7"/>
        <line num="62" type="stmt" count="7"/>
        <line num="63" type="stmt" count="5"/>
        <line num="64" type="stmt" count="5"/>
        <line num="65" type="stmt" count="7"/>
        <line num="66" type="stmt" count="7"/>
        <line num="67" type="stmt" count="5"/>
        <line num="68" type="stmt" count="5"/>
        <line num="69" type="stmt" count="5"/>
        <line num="70" type="stmt" count="7"/>
        <line num="71" type="stmt" count="7"/>
        <line num="77" type="method" name="getVenueDetails" visibility="public" complexity="3" crap="3" count="8"/>
        <line num="79" type="stmt" count="8"/>
        <line num="81" type="stmt" count="8"/>
        <line num="82" type="stmt" count="8"/>
        <line num="83" type="stmt" count="8"/>
        <line num="84" type="stmt" count="8"/>
        <line num="86" type="stmt" count="8"/>
        <line num="87" type="stmt" count="8"/>
        <line num="88" type="stmt" count="8"/>
        <line num="89" type="stmt" count="8"/>
        <line num="90" type="stmt" count="8"/>
        <line num="91" type="stmt" count="8"/>
        <line num="92" type="stmt" count="8"/>
        <line num="93" type="stmt" count="8"/>
        <line num="94" type="stmt" count="8"/>
        <line num="95" type="stmt" count="8"/>
        <line num="96" type="stmt" count="8"/>
        <line num="97" type="stmt" count="8"/>
        <line num="98" type="stmt" count="8"/>
        <line num="99" type="stmt" count="8"/>
        <line num="100" type="stmt" count="5"/>
        <line num="101" type="stmt" count="5"/>
        <line num="102" type="stmt" count="5"/>
        <line num="103" type="stmt" count="5"/>
        <line num="104" type="stmt" count="5"/>
        <line num="105" type="stmt" count="5"/>
        <line num="106" type="stmt" count="5"/>
        <line num="107" type="stmt" count="5"/>
        <line num="108" type="stmt" count="5"/>
        <line num="109" type="stmt" count="5"/>
        <line num="110" type="stmt" count="5"/>
        <line num="111" type="stmt" count="5"/>
        <line num="112" type="stmt" count="5"/>
        <line num="113" type="stmt" count="5"/>
        <line num="114" type="stmt" count="5"/>
        <line num="115" type="stmt" count="5"/>
        <line num="116" type="stmt" count="5"/>
        <line num="117" type="stmt" count="5"/>
        <line num="118" type="stmt" count="5"/>
        <line num="119" type="stmt" count="5"/>
        <line num="120" type="stmt" count="5"/>
        <line num="121" type="stmt" count="8"/>
        <line num="122" type="stmt" count="8"/>
        <line num="124" type="stmt" count="8"/>
        <line num="125" type="stmt" count="2"/>
        <line num="126" type="stmt" count="2"/>
        <line num="127" type="stmt" count="2"/>
        <line num="128" type="stmt" count="2"/>
        <line num="129" type="stmt" count="2"/>
        <line num="130" type="stmt" count="2"/>
        <line num="133" type="stmt" count="8"/>
        <metrics loc="136" ncloc="120" classes="1" methods="3" coveredmethods="3" conditionals="0" coveredconditionals="0" statements="77" coveredstatements="77" elements="80" coveredelements="80"/>
      </file>
    </package>
    <package name="App\Services\Authentication">
      <file name="C:\Users\felip\Documents\Projects\social-sports-api\app\Services\Authentication\AuthContextService.php">
        <class name="App\Services\Authentication\AuthContextService" namespace="App\Services\Authentication">
          <metrics complexity="6" methods="5" coveredmethods="5" conditionals="0" coveredconditionals="0" statements="8" coveredstatements="8" elements="13" coveredelements="13"/>
        </class>
        <line num="18" type="method" name="__construct" visibility="public" complexity="1" crap="1" count="22"/>
        <line num="22" type="stmt" count="22"/>
        <line num="27" type="method" name="id" visibility="public" complexity="1" crap="1" count="6"/>
        <line num="29" type="stmt" count="6"/>
        <line num="32" type="stmt" count="5"/>
        <line num="38" type="method" name="user" visibility="public" complexity="1" crap="1" count="7"/>
        <line num="40" type="stmt" count="7"/>
        <line num="43" type="stmt" count="6"/>
        <line num="49" type="method" name="check" visibility="public" complexity="1" crap="1" count="16"/>
        <line num="51" type="stmt" count="16"/>
        <line num="57" type="method" name="assertAuthenticated" visibility="public" complexity="2" crap="2" count="14"/>
        <line num="59" type="stmt" count="14"/>
        <line num="60" type="stmt" count="2"/>
        <metrics loc="64" ncloc="43" classes="1" methods="5" coveredmethods="5" conditionals="0" coveredconditionals="0" statements="8" coveredstatements="8" elements="13" coveredelements="13"/>
      </file>
      <file name="C:\Users\felip\Documents\Projects\social-sports-api\app\Services\Authentication\AuthenticationService.php">
        <class name="App\Services\Authentication\AuthenticationService" namespace="App\Services\Authentication">
          <metrics complexity="5" methods="2" coveredmethods="2" conditionals="0" coveredconditionals="0" statements="11" coveredstatements="11" elements="13" coveredelements="13"/>
        </class>
        <line num="28" type="method" name="__construct" visibility="public" complexity="1" crap="1" count="10"/>
        <line num="34" type="stmt" count="10"/>
        <line num="39" type="method" name="login" visibility="public" complexity="4" crap="4" count="9"/>
        <line num="41" type="stmt" count="9"/>
        <line num="43" type="stmt" count="9"/>
        <line num="44" type="stmt" count="1"/>
        <line num="47" type="stmt" count="8"/>
        <line num="48" type="stmt" count="2"/>
        <line num="51" type="stmt" count="6"/>
        <line num="52" type="stmt" count="1"/>
        <line num="55" type="stmt" count="5"/>
        <line num="57" type="stmt" count="5"/>
        <line num="59" type="stmt" count="5"/>
        <metrics loc="62" ncloc="53" classes="1" methods="2" coveredmethods="2" conditionals="0" coveredconditionals="0" statements="11" coveredstatements="11" elements="13" coveredelements="13"/>
      </file>
      <file name="C:\Users\felip\Documents\Projects\social-sports-api\app\Services\Authentication\EmailVerifyService.php">
        <class name="App\Services\Authentication\EmailVerifyService" namespace="App\Services\Authentication">
          <metrics complexity="8" methods="3" coveredmethods="3" conditionals="0" coveredconditionals="0" statements="14" coveredstatements="14" elements="17" coveredelements="17"/>
        </class>
        <line num="26" type="method" name="__construct" visibility="public" complexity="1" crap="1" count="6"/>
        <line num="31" type="stmt" count="6"/>
        <line num="36" type="method" name="resend" visibility="public" complexity="2" crap="2" count="2"/>
        <line num="38" type="stmt" count="2"/>
        <line num="40" type="stmt" count="2"/>
        <line num="41" type="stmt" count="1"/>
        <line num="44" type="stmt" count="1"/>
        <line num="50" type="method" name="verify" visibility="public" complexity="5" crap="5" count="4"/>
        <line num="52" type="stmt" count="4"/>
        <line num="54" type="stmt" count="4"/>
        <line num="55" type="stmt" count="1"/>
        <line num="58" type="stmt" count="3"/>
        <line num="59" type="stmt" count="1"/>
        <line num="62" type="stmt" count="2"/>
        <line num="63" type="stmt" count="1"/>
        <line num="66" type="stmt" count="1"/>
        <line num="67" type="stmt" count="1"/>
        <metrics loc="71" ncloc="57" classes="1" methods="3" coveredmethods="3" conditionals="0" coveredconditionals="0" statements="14" coveredstatements="14" elements="17" coveredelements="17"/>
      </file>
      <file name="C:\Users\felip\Documents\Projects\social-sports-api\app\Services\Authentication\RegisterService.php">
        <class name="App\Services\Authentication\RegisterService" namespace="App\Services\Authentication">
          <metrics complexity="2" methods="2" coveredmethods="2" conditionals="0" coveredconditionals="0" statements="14" coveredstatements="14" elements="16" coveredelements="16"/>
        </class>
        <line num="21" type="method" name="__construct" visibility="public" complexity="1" crap="1" count="17"/>
        <line num="26" type="stmt" count="17"/>
        <line num="31" type="method" name="register" visibility="public" complexity="1" crap="1" count="2"/>
        <line num="33" type="stmt" count="2"/>
        <line num="34" type="stmt" count="2"/>
        <line num="35" type="stmt" count="2"/>
        <line num="36" type="stmt" count="2"/>
        <line num="37" type="stmt" count="2"/>
        <line num="39" type="stmt" count="2"/>
        <line num="41" type="stmt" count="2"/>
        <line num="43" type="stmt" count="2"/>
        <line num="45" type="stmt" count="2"/>
        <line num="46" type="stmt" count="2"/>
        <line num="47" type="stmt" count="2"/>
        <line num="48" type="stmt" count="2"/>
        <line num="50" type="stmt" count="2"/>
        <metrics loc="53" ncloc="43" classes="1" methods="2" coveredmethods="2" conditionals="0" coveredconditionals="0" statements="14" coveredstatements="14" elements="16" coveredelements="16"/>
      </file>
      <file name="C:\Users\felip\Documents\Projects\social-sports-api\app\Services\Authentication\ResetPasswordService.php">
        <class name="App\Services\Authentication\ResetPasswordService" namespace="App\Services\Authentication">
          <metrics complexity="9" methods="4" coveredmethods="4" conditionals="0" coveredconditionals="0" statements="20" coveredstatements="20" elements="24" coveredelements="24"/>
        </class>
        <line num="30" type="method" name="__construct" visibility="public" complexity="1" crap="1" count="21"/>
        <line num="35" type="stmt" count="21"/>
        <line num="40" type="method" name="sendResetNotification" visibility="public" complexity="3" crap="3" count="6"/>
        <line num="42" type="stmt" count="6"/>
        <line num="44" type="stmt" count="6"/>
        <line num="45" type="stmt" count="4"/>
        <line num="46" type="stmt" count="2"/>
        <line num="49" type="stmt" count="2"/>
        <line num="51" type="stmt" count="2"/>
        <line num="58" type="method" name="resetPassword" visibility="public" complexity="2" crap="2" count="5"/>
        <line num="60" type="stmt" count="5"/>
        <line num="62" type="stmt" count="5"/>
        <line num="63" type="stmt" count="1"/>
        <line num="66" type="stmt" count="4"/>
        <line num="68" type="stmt" count="2"/>
        <line num="69" type="stmt" count="2"/>
        <line num="70" type="stmt" count="2"/>
        <line num="72" type="stmt" count="2"/>
        <line num="74" type="stmt" count="2"/>
        <line num="80" type="method" name="canResetPassword" visibility="public" complexity="3" crap="3" count="6"/>
        <line num="82" type="stmt" count="6"/>
        <line num="83" type="stmt" count="2"/>
        <line num="85" type="stmt" count="4"/>
        <line num="86" type="stmt" count="2"/>
        <metrics loc="90" ncloc="73" classes="1" methods="4" coveredmethods="4" conditionals="0" coveredconditionals="0" statements="20" coveredstatements="20" elements="24" coveredelements="24"/>
      </file>
    </package>
    <package name="App\Traits">
      <file name="C:\Users\felip\Documents\Projects\social-sports-api\app\Traits\HasSlug.php">
        <class name="App\Traits\HasSlug" namespace="App\Traits">
          <metrics complexity="17" methods="8" coveredmethods="6" conditionals="0" coveredconditionals="0" statements="36" coveredstatements="33" elements="44" coveredelements="39"/>
        </class>
        <line num="62" type="method" name="bootHasSlug" visibility="protected" complexity="1" crap="1" count="58"/>
        <line num="64" type="stmt" count="58"/>
        <line num="66" type="stmt" count="5"/>
        <line num="67" type="stmt" count="58"/>
        <line num="75" type="method" name="getSlugSourceColumns" visibility="protected" complexity="1" crap="1" count="7"/>
        <line num="77" type="stmt" count="7"/>
        <line num="85" type="method" name="getSlugDestinationColumn" visibility="protected" complexity="1" crap="1" count="8"/>
        <line num="87" type="stmt" count="8"/>
        <line num="95" type="method" name="shouldUpdateSlugOnSave" visibility="protected" complexity="1" crap="1" count="9"/>
        <line num="97" type="stmt" count="9"/>
        <line num="105" type="method" name="generateAndSetSlug" visibility="protected" complexity="4" crap="4.02" count="9"/>
        <line num="107" type="stmt" count="9"/>
        <line num="109" type="stmt" count="9"/>
        <line num="110" type="stmt" count="1"/>
        <line num="113" type="stmt" count="8"/>
        <line num="115" type="stmt" count="8"/>
        <line num="116" type="stmt" count="0"/>
        <line num="119" type="stmt" count="8"/>
        <line num="120" type="stmt" count="8"/>
        <line num="122" type="stmt" count="8"/>
        <line num="130" type="method" name="getSlugSourceString" visibility="private" complexity="4" crap="4" count="8"/>
        <line num="133" type="stmt" count="8"/>
        <line num="134" type="stmt" count="8"/>
        <line num="136" type="stmt" count="8"/>
        <line num="137" type="stmt" count="8"/>
        <line num="139" type="stmt" count="8"/>
        <line num="140" type="stmt" count="8"/>
        <line num="144" type="stmt" count="8"/>
        <line num="153" type="method" name="makeSlugUnique" visibility="private" complexity="2" crap="2" count="8"/>
        <line num="155" type="stmt" count="8"/>
        <line num="156" type="stmt" count="8"/>
        <line num="158" type="stmt" count="8"/>
        <line num="159" type="stmt" count="1"/>
        <line num="160" type="stmt" count="1"/>
        <line num="163" type="stmt" count="8"/>
        <line num="172" type="method" name="slugExists" visibility="private" complexity="3" crap="3.14" count="8"/>
        <line num="174" type="stmt" count="8"/>
        <line num="175" type="stmt" count="8"/>
        <line num="177" type="stmt" count="8"/>
        <line num="179" type="stmt" count="8"/>
        <line num="180" type="stmt" count="0"/>
        <line num="183" type="stmt" count="8"/>
        <line num="185" type="stmt" count="0"/>
        <line num="188" type="stmt" count="8"/>
        <metrics loc="191" ncloc="114" classes="1" methods="8" coveredmethods="6" conditionals="0" coveredconditionals="0" statements="36" coveredstatements="33" elements="44" coveredelements="39"/>
      </file>
    </package>
    <metrics files="109" loc="6485" ncloc="4607" classes="107" methods="313" coveredmethods="305" conditionals="0" coveredconditionals="0" statements="1010" coveredstatements="985" elements="1323" coveredelements="1290"/>
  </project>
</coverage>
